0 info it worked if it ends with ok
1 verbose cli [ 'C:\\Program Files\\nodejs\\node.exe',
1 verbose cli   'C:\\Program Files\\nodejs\\node_modules\\npm\\bin\\npm-cli.js',
1 verbose cli   'run',
1 verbose cli   'precommit' ]
2 info using npm@3.10.8
3 info using node@v7.0.0
4 verbose run-script [ 'precommit' ]
5 info lifecycle @~precommit: @
6 verbose lifecycle @~precommit: unsafe-perm in lifecycle true
7 verbose lifecycle @~precommit: PATH: C:\Program Files\nodejs\node_modules\npm\bin\node-gyp-bin;D:\Lovelemon\node_modules\.bin;C:\Program Files\Git\mingw64\libexec\git-core;C:\Users\OneAPM\bin;C:\Program Files\Git\mingw64\bin;C:\Program Files\Git\usr\local\bin;C:\Program Files\Git\usr\bin;C:\Program Files\Git\usr\bin;C:\Program Files\Git\mingw64\bin;C:\Program Files\Git\usr\bin;C:\Users\OneAPM\bin;C:\ProgramData\Oracle\Java\javapath;C:\WINDOWS\system32;C:\WINDOWS;C:\WINDOWS\System32\Wbem;C:\WINDOWS\System32\WindowsPowerShell\v1.0;C:\Program Files\Git\cmd;C:\Program Files\nodejs;C:\Program Files\Git\usr\bin\ssh-keygen.exe;C:\Users\OneAPM\AppData\Local\Programs\Python\Python36\Scripts;C:\Users\OneAPM\AppData\Local\Programs\Python\Python36;C:\Users\OneAPM\AppData\Roaming\npm;C:\Program Files (x86)\Java\jdk1.8.0_111\bin;C:\Users\OneAPM\AppData\Local\Microsoft\WindowsApps;C:\Users\OneAPM\AppData\Roaming\npm;C:\Program Files\apache-maven-3.3.9\bin;C:\Program Files\nodejs\node_global;C:\Program Files\Git\usr\bin\vendor_perl;C:\Program Files\Git\usr\bin\core_perl;C:\Program Files\nodejs
8 verbose lifecycle @~precommit: CWD: D:\Lovelemon
9 silly lifecycle @~precommit: Args: [ '/d /s /c', 'npm run lint' ]
10 silly lifecycle @~precommit: Returned: code: 1  signal: null
11 info lifecycle @~precommit: Failed to exec precommit script
12 verbose stack Error: @ precommit: `npm run lint`
12 verbose stack Exit status 1
12 verbose stack     at EventEmitter.<anonymous> (C:\Program Files\nodejs\node_modules\npm\lib\utils\lifecycle.js:255:16)
12 verbose stack     at emitTwo (events.js:106:13)
12 verbose stack     at EventEmitter.emit (events.js:191:7)
12 verbose stack     at ChildProcess.<anonymous> (C:\Program Files\nodejs\node_modules\npm\lib\utils\spawn.js:40:14)
12 verbose stack     at emitTwo (events.js:106:13)
12 verbose stack     at ChildProcess.emit (events.js:191:7)
12 verbose stack     at maybeClose (internal/child_process.js:877:16)
12 verbose stack     at Process.ChildProcess._handle.onexit (internal/child_process.js:226:5)
13 verbose pkgid @
14 verbose cwd D:\Lovelemon
15 error Windows_NT 10.0.14393
16 error argv "C:\\Program Files\\nodejs\\node.exe" "C:\\Program Files\\nodejs\\node_modules\\npm\\bin\\npm-cli.js" "run" "precommit"
17 error node v7.0.0
18 error npm  v3.10.8
19 error code ELIFECYCLE
20 error @ precommit: `npm run lint`
20 error Exit status 1
21 error Failed at the @ precommit script 'npm run lint'.
21 error Make sure you have the latest version of node.js and npm installed.
21 error If you do, this is most likely a problem with the  package,
21 error not with npm itself.
21 error Tell the author that this fails on your system:
21 error     npm run lint
21 error You can get information on how to open an issue for this project with:
21 error     npm bugs
21 error Or if that isn't available, you can get their info via:
21 error     npm owner ls
21 error There is likely additional logging output above.
22 verbose exit [ 1, true ]
